[debug] [2024-03-15T19:05:13.371Z] ----------------------------------------------------------------------
[debug] [2024-03-15T19:05:13.372Z] Command:       /usr/local/bin/node /usr/local/bin/firebase init
[debug] [2024-03-15T19:05:13.372Z] CLI Version:   13.4.0
[debug] [2024-03-15T19:05:13.372Z] Platform:      darwin
[debug] [2024-03-15T19:05:13.372Z] Node Version:  v18.14.0
[debug] [2024-03-15T19:05:13.376Z] Time:          Fri Mar 15 2024 15:05:13 GMT-0400 (Eastern Daylight Time)
[debug] [2024-03-15T19:05:13.376Z] ----------------------------------------------------------------------
[debug] 
[debug] [2024-03-15T19:05:13.377Z] >>> [apiv2][query] GET https://firebase-public.firebaseio.com/cli.json [none]
[debug] [2024-03-15T19:05:13.399Z] > command requires scopes: ["email","openid","https://www.googleapis.com/auth/cloudplatformprojects.readonly","https://www.googleapis.com/auth/firebase","https://www.googleapis.com/auth/cloud-platform"]
[debug] [2024-03-15T19:05:13.399Z] > authorizing via signed-in user (guangyangsun0621@gmail.com)
[info] 
     ######## #### ########  ######## ########     ###     ######  ########
     ##        ##  ##     ## ##       ##     ##  ##   ##  ##       ##
     ######    ##  ########  ######   ########  #########  ######  ######
     ##        ##  ##    ##  ##       ##     ## ##     ##       ## ##
     ##       #### ##     ## ######## ########  ##     ##  ######  ########

You're about to initialize a Firebase project in this directory:

  /Users/guangyangsun/Documents/cs499/Too-good-to-good/Too_Good_To_Good

[debug] [2024-03-15T19:05:13.560Z] <<< [apiv2][status] GET https://firebase-public.firebaseio.com/cli.json 200
[debug] [2024-03-15T19:05:13.561Z] <<< [apiv2][body] GET https://firebase-public.firebaseio.com/cli.json {"cloudBuildErrorAfter":1594252800000,"cloudBuildWarnAfter":1590019200000,"defaultNode10After":1594252800000,"minVersion":"3.0.5","node8DeploysDisabledAfter":1613390400000,"node8RuntimeDisabledAfter":1615809600000,"node8WarnAfter":1600128000000}
